<?xml version="1.0" encoding="UTF-8"?>
<testsuite name="Regression Test"
           tests="6"
           failures="0"
           errors="0"
           skipped="0"
           time="18.558">
  <properties />
  
  
            <testcase name="verifyJobSearchResultUsingDifferentDataSet" time="3.086" classname="uk.co.library.testsuite.JobSearchTest" />
                <testcase name="verifyJobSearchResultUsingDifferentDataSet" time="3.171" classname="uk.co.library.testsuite.JobSearchTest" />
                <testcase name="verifyJobSearchResultUsingDifferentDataSet" time="2.933" classname="uk.co.library.testsuite.JobSearchTest" />
                <testcase name="verifyJobSearchResultUsingDifferentDataSet" time="3.231" classname="uk.co.library.testsuite.JobSearchTest" />
                <testcase name="verifyJobSearchResultUsingDifferentDataSet" time="3.329" classname="uk.co.library.testsuite.JobSearchTest" />
                <testcase name="verifyJobSearchResultUsingDifferentDataSet" time="2.808" classname="uk.co.library.testsuite.JobSearchTest" />
      
</testsuite>
